<?xml version="1.0" encoding="UTF-8"?>
<testsuite xmlns:xsi="http://www.w3.org/2001/XMLSchema-instance" xsi:noNamespaceSchemaLocation="https://maven.apache.org/surefire/maven-surefire-plugin/xsd/surefire-test-report.xsd" name="services.ReportServiceTest" time="0" tests="1" errors="1" skipped="0" failures="0">
  <properties>
    <property name="user.variant" value=""/>
    <property name="java.vm.info" value="mixed mode"/>
    <property name="file.encoding.pkg" value="sun.io"/>
    <property name="file.encoding" value="Cp1252"/>
    <property name="java.specification.name" value="Java Platform API Specification"/>
    <property name="sun.os.patch.level" value="Service Pack 2"/>
    <property name="user.dir" value="E:\ws-entrega4\Acme-HandyWorkerV3"/>
    <property name="line.separator" value="&#10;"/>
    <property name="java.home" value="C:\Program Files\Java\jdk1.7.0_13\jre"/>
    <property name="user.name" value="Student"/>
    <property name="sun.boot.library.path" value="C:\Program Files\Java\jdk1.7.0_13\jre\bin"/>
    <property name="user.home" value="C:\Documents and Settings\Student"/>
    <property name="localRepository" value="C:\Documents and Settings\Student\.m2\repository"/>
    <property name="sun.java.launcher" value="SUN_STANDARD"/>
    <property name="java.class.version" value="51.0"/>
    <property name="user.language" value="en"/>
    <property name="java.vendor.url.bug" value="http://bugreport.sun.com/bugreport/"/>
    <property name="sun.jnu.encoding" value="Cp1252"/>
    <property name="java.io.tmpdir" value="C:\DOCUME~1\Student\LOCALS~1\Temp\"/>
    <property name="java.specification.vendor" value="Oracle Corporation"/>
    <property name="file.separator" value="\"/>
    <property name="java.class.path" value="E:\ws-entrega4\Acme-HandyWorkerV3\target\test-classes;E:\ws-entrega4\Acme-HandyWorkerV3\target\classes;C:\Documents and Settings\Student\.m2\repository\org\springframework\spring-context\4.0.0.RELEASE\spring-context-4.0.0.RELEASE.jar;C:\Documents and Settings\Student\.m2\repository\org\springframework\spring-aop\4.0.0.RELEASE\spring-aop-4.0.0.RELEASE.jar;C:\Documents and Settings\Student\.m2\repository\org\springframework\spring-beans\4.0.0.RELEASE\spring-beans-4.0.0.RELEASE.jar;C:\Documents and Settings\Student\.m2\repository\org\springframework\spring-core\4.0.0.RELEASE\spring-core-4.0.0.RELEASE.jar;C:\Documents and Settings\Student\.m2\repository\commons-logging\commons-logging\1.1.1\commons-logging-1.1.1.jar;C:\Documents and Settings\Student\.m2\repository\org\springframework\spring-expression\4.0.0.RELEASE\spring-expression-4.0.0.RELEASE.jar;C:\Documents and Settings\Student\.m2\repository\org\springframework\spring-webmvc\4.0.0.RELEASE\spring-webmvc-4.0.0.RELEASE.jar;C:\Documents and Settings\Student\.m2\repository\org\springframework\spring-web\4.0.0.RELEASE\spring-web-4.0.0.RELEASE.jar;C:\Documents and Settings\Student\.m2\repository\org\springframework\spring-orm\4.0.0.RELEASE\spring-orm-4.0.0.RELEASE.jar;C:\Documents and Settings\Student\.m2\repository\aopalliance\aopalliance\1.0\aopalliance-1.0.jar;C:\Documents and Settings\Student\.m2\repository\org\springframework\spring-jdbc\4.0.0.RELEASE\spring-jdbc-4.0.0.RELEASE.jar;C:\Documents and Settings\Student\.m2\repository\org\springframework\spring-tx\4.0.0.RELEASE\spring-tx-4.0.0.RELEASE.jar;C:\Documents and Settings\Student\.m2\repository\org\springframework\spring-aspects\4.0.0.RELEASE\spring-aspects-4.0.0.RELEASE.jar;C:\Documents and Settings\Student\.m2\repository\org\springframework\spring-context-support\4.0.0.RELEASE\spring-context-support-4.0.0.RELEASE.jar;C:\Documents and Settings\Student\.m2\repository\org\springframework\data\spring-data-jpa\1.4.3.RELEASE\spring-data-jpa-1.4.3.RELEASE.jar;C:\Documents and Settings\Student\.m2\repository\org\springframework\data\spring-data-commons\1.6.3.RELEASE\spring-data-commons-1.6.3.RELEASE.jar;C:\Documents and Settings\Student\.m2\repository\org\aspectj\aspectjrt\1.7.2\aspectjrt-1.7.2.jar;C:\Documents and Settings\Student\.m2\repository\org\slf4j\slf4j-api\1.7.1\slf4j-api-1.7.1.jar;C:\Documents and Settings\Student\.m2\repository\org\slf4j\jcl-over-slf4j\1.7.1\jcl-over-slf4j-1.7.1.jar;C:\Documents and Settings\Student\.m2\repository\org\springframework\security\spring-security-web\3.2.0.RELEASE\spring-security-web-3.2.0.RELEASE.jar;C:\Documents and Settings\Student\.m2\repository\org\springframework\security\spring-security-core\3.2.0.RELEASE\spring-security-core-3.2.0.RELEASE.jar;C:\Documents and Settings\Student\.m2\repository\org\springframework\security\spring-security-config\3.2.0.RELEASE\spring-security-config-3.2.0.RELEASE.jar;C:\Documents and Settings\Student\.m2\repository\org\springframework\security\spring-security-taglibs\3.2.0.RELEASE\spring-security-taglibs-3.2.0.RELEASE.jar;C:\Documents and Settings\Student\.m2\repository\org\springframework\security\spring-security-acl\3.2.0.RELEASE\spring-security-acl-3.2.0.RELEASE.jar;C:\Documents and Settings\Student\.m2\repository\org\springframework\spring-test\3.2.4.RELEASE\spring-test-3.2.4.RELEASE.jar;C:\Documents and Settings\Student\.m2\repository\org\apache\tiles\tiles-core\2.2.2\tiles-core-2.2.2.jar;C:\Documents and Settings\Student\.m2\repository\org\apache\tiles\tiles-api\2.2.2\tiles-api-2.2.2.jar;C:\Documents and Settings\Student\.m2\repository\commons-digester\commons-digester\2.0\commons-digester-2.0.jar;C:\Documents and Settings\Student\.m2\repository\org\apache\tiles\tiles-servlet\2.2.2\tiles-servlet-2.2.2.jar;C:\Documents and Settings\Student\.m2\repository\org\apache\tiles\tiles-jsp\2.2.2\tiles-jsp-2.2.2.jar;C:\Documents and Settings\Student\.m2\repository\org\apache\tiles\tiles-template\2.2.2\tiles-template-2.2.2.jar;C:\Documents and Settings\Student\.m2\repository\mysql\mysql-connector-java\5.1.26\mysql-connector-java-5.1.26.jar;C:\Documents and Settings\Student\.m2\repository\org\hibernate\hibernate-entitymanager\4.3.0.Final\hibernate-entitymanager-4.3.0.Final.jar;C:\Documents and Settings\Student\.m2\repository\org\jboss\logging\jboss-logging\3.1.3.GA\jboss-logging-3.1.3.GA.jar;C:\Documents and Settings\Student\.m2\repository\org\jboss\logging\jboss-logging-annotations\1.2.0.Beta1\jboss-logging-annotations-1.2.0.Beta1.jar;C:\Documents and Settings\Student\.m2\repository\org\hibernate\hibernate-core\4.3.0.Final\hibernate-core-4.3.0.Final.jar;C:\Documents and Settings\Student\.m2\repository\antlr\antlr\2.7.7\antlr-2.7.7.jar;C:\Documents and Settings\Student\.m2\repository\org\jboss\jandex\1.1.0.Final\jandex-1.1.0.Final.jar;C:\Documents and Settings\Student\.m2\repository\dom4j\dom4j\1.6.1\dom4j-1.6.1.jar;C:\Documents and Settings\Student\.m2\repository\xml-apis\xml-apis\1.0.b2\xml-apis-1.0.b2.jar;C:\Documents and Settings\Student\.m2\repository\org\hibernate\common\hibernate-commons-annotations\4.0.4.Final\hibernate-commons-annotations-4.0.4.Final.jar;C:\Documents and Settings\Student\.m2\repository\org\hibernate\javax\persistence\hibernate-jpa-2.1-api\1.0.0.Final\hibernate-jpa-2.1-api-1.0.0.Final.jar;C:\Documents and Settings\Student\.m2\repository\org\jboss\spec\javax\transaction\jboss-transaction-api_1.2_spec\1.0.0.Final\jboss-transaction-api_1.2_spec-1.0.0.Final.jar;C:\Documents and Settings\Student\.m2\repository\org\javassist\javassist\3.18.1-GA\javassist-3.18.1-GA.jar;C:\Documents and Settings\Student\.m2\repository\org\hibernate\hibernate-validator\4.3.1.Final\hibernate-validator-4.3.1.Final.jar;C:\Documents and Settings\Student\.m2\repository\javax\validation\validation-api\1.0.0.GA\validation-api-1.0.0.GA.jar;C:\Documents and Settings\Student\.m2\repository\org\hibernate\hibernate-c3p0\4.2.3.Final\hibernate-c3p0-4.2.3.Final.jar;C:\Documents and Settings\Student\.m2\repository\com\mchange\c3p0\0.9.2.1\c3p0-0.9.2.1.jar;C:\Documents and Settings\Student\.m2\repository\com\mchange\mchange-commons-java\0.2.3.4\mchange-commons-java-0.2.3.4.jar;C:\Documents and Settings\Student\.m2\repository\javax\servlet\servlet-api\2.5\servlet-api-2.5.jar;C:\Documents and Settings\Student\.m2\repository\javax\servlet\jsp\jsp-api\2.0\jsp-api-2.0.jar;C:\Documents and Settings\Student\.m2\repository\javax\servlet\jstl\1.2\jstl-1.2.jar;C:\Documents and Settings\Student\.m2\repository\displaytag\displaytag\1.2\displaytag-1.2.jar;C:\Documents and Settings\Student\.m2\repository\commons-collections\commons-collections\3.1\commons-collections-3.1.jar;C:\Documents and Settings\Student\.m2\repository\commons-lang\commons-lang\2.3\commons-lang-2.3.jar;C:\Documents and Settings\Student\.m2\repository\com\lowagie\itext\1.3\itext-1.3.jar;C:\Documents and Settings\Student\.m2\repository\commons-beanutils\commons-beanutils\1.7.0\commons-beanutils-1.7.0.jar;C:\Documents and Settings\Student\.m2\repository\org\slf4j\jcl104-over-slf4j\1.4.2\jcl104-over-slf4j-1.4.2.jar;C:\Documents and Settings\Student\.m2\repository\taglibs\standard\1.1.2\standard-1.1.2.jar;C:\Documents and Settings\Student\.m2\repository\junit\junit\4.11\junit-4.11.jar;C:\Documents and Settings\Student\.m2\repository\org\hamcrest\hamcrest-core\1.3\hamcrest-core-1.3.jar;C:\Documents and Settings\Student\.m2\repository\joda-time\joda-time\2.2\joda-time-2.2.jar;C:\Documents and Settings\Student\.m2\repository\org\slf4j\slf4j-log4j12\1.7.5\slf4j-log4j12-1.7.5.jar;C:\Documents and Settings\Student\.m2\repository\log4j\log4j\1.2.17\log4j-1.2.17.jar;C:\Documents and Settings\Student\.m2\repository\org\aspectj\aspectjweaver\1.7.4\aspectjweaver-1.7.4.jar;"/>
    <property name="java.vm.vendor" value="Oracle Corporation"/>
    <property name="sun.cpu.endian" value="little"/>
    <property name="java.vm.specification.vendor" value="Oracle Corporation"/>
    <property name="java.specification.version" value="1.7"/>
    <property name="user.script" value=""/>
    <property name="awt.toolkit" value="sun.awt.windows.WToolkit"/>
    <property name="sun.java.command" value="C:\DOCUME~1\Student\LOCALS~1\Temp\surefire2891176284014842830\surefirebooter4919952355092782066.jar C:\Documents and Settings\Student\Local Settings\Temp\surefire2891176284014842830 2018-11-24T15-45-40_485-jvmRun1 surefire5989721327591609637tmp surefire_0118935994126485288tmp"/>
    <property name="user.timezone" value="Europe/Paris"/>
    <property name="surefire.test.class.path" value="E:\ws-entrega4\Acme-HandyWorkerV3\target\test-classes;E:\ws-entrega4\Acme-HandyWorkerV3\target\classes;C:\Documents and Settings\Student\.m2\repository\org\springframework\spring-context\4.0.0.RELEASE\spring-context-4.0.0.RELEASE.jar;C:\Documents and Settings\Student\.m2\repository\org\springframework\spring-aop\4.0.0.RELEASE\spring-aop-4.0.0.RELEASE.jar;C:\Documents and Settings\Student\.m2\repository\org\springframework\spring-beans\4.0.0.RELEASE\spring-beans-4.0.0.RELEASE.jar;C:\Documents and Settings\Student\.m2\repository\org\springframework\spring-core\4.0.0.RELEASE\spring-core-4.0.0.RELEASE.jar;C:\Documents and Settings\Student\.m2\repository\commons-logging\commons-logging\1.1.1\commons-logging-1.1.1.jar;C:\Documents and Settings\Student\.m2\repository\org\springframework\spring-expression\4.0.0.RELEASE\spring-expression-4.0.0.RELEASE.jar;C:\Documents and Settings\Student\.m2\repository\org\springframework\spring-webmvc\4.0.0.RELEASE\spring-webmvc-4.0.0.RELEASE.jar;C:\Documents and Settings\Student\.m2\repository\org\springframework\spring-web\4.0.0.RELEASE\spring-web-4.0.0.RELEASE.jar;C:\Documents and Settings\Student\.m2\repository\org\springframework\spring-orm\4.0.0.RELEASE\spring-orm-4.0.0.RELEASE.jar;C:\Documents and Settings\Student\.m2\repository\aopalliance\aopalliance\1.0\aopalliance-1.0.jar;C:\Documents and Settings\Student\.m2\repository\org\springframework\spring-jdbc\4.0.0.RELEASE\spring-jdbc-4.0.0.RELEASE.jar;C:\Documents and Settings\Student\.m2\repository\org\springframework\spring-tx\4.0.0.RELEASE\spring-tx-4.0.0.RELEASE.jar;C:\Documents and Settings\Student\.m2\repository\org\springframework\spring-aspects\4.0.0.RELEASE\spring-aspects-4.0.0.RELEASE.jar;C:\Documents and Settings\Student\.m2\repository\org\springframework\spring-context-support\4.0.0.RELEASE\spring-context-support-4.0.0.RELEASE.jar;C:\Documents and Settings\Student\.m2\repository\org\springframework\data\spring-data-jpa\1.4.3.RELEASE\spring-data-jpa-1.4.3.RELEASE.jar;C:\Documents and Settings\Student\.m2\repository\org\springframework\data\spring-data-commons\1.6.3.RELEASE\spring-data-commons-1.6.3.RELEASE.jar;C:\Documents and Settings\Student\.m2\repository\org\aspectj\aspectjrt\1.7.2\aspectjrt-1.7.2.jar;C:\Documents and Settings\Student\.m2\repository\org\slf4j\slf4j-api\1.7.1\slf4j-api-1.7.1.jar;C:\Documents and Settings\Student\.m2\repository\org\slf4j\jcl-over-slf4j\1.7.1\jcl-over-slf4j-1.7.1.jar;C:\Documents and Settings\Student\.m2\repository\org\springframework\security\spring-security-web\3.2.0.RELEASE\spring-security-web-3.2.0.RELEASE.jar;C:\Documents and Settings\Student\.m2\repository\org\springframework\security\spring-security-core\3.2.0.RELEASE\spring-security-core-3.2.0.RELEASE.jar;C:\Documents and Settings\Student\.m2\repository\org\springframework\security\spring-security-config\3.2.0.RELEASE\spring-security-config-3.2.0.RELEASE.jar;C:\Documents and Settings\Student\.m2\repository\org\springframework\security\spring-security-taglibs\3.2.0.RELEASE\spring-security-taglibs-3.2.0.RELEASE.jar;C:\Documents and Settings\Student\.m2\repository\org\springframework\security\spring-security-acl\3.2.0.RELEASE\spring-security-acl-3.2.0.RELEASE.jar;C:\Documents and Settings\Student\.m2\repository\org\springframework\spring-test\3.2.4.RELEASE\spring-test-3.2.4.RELEASE.jar;C:\Documents and Settings\Student\.m2\repository\org\apache\tiles\tiles-core\2.2.2\tiles-core-2.2.2.jar;C:\Documents and Settings\Student\.m2\repository\org\apache\tiles\tiles-api\2.2.2\tiles-api-2.2.2.jar;C:\Documents and Settings\Student\.m2\repository\commons-digester\commons-digester\2.0\commons-digester-2.0.jar;C:\Documents and Settings\Student\.m2\repository\org\apache\tiles\tiles-servlet\2.2.2\tiles-servlet-2.2.2.jar;C:\Documents and Settings\Student\.m2\repository\org\apache\tiles\tiles-jsp\2.2.2\tiles-jsp-2.2.2.jar;C:\Documents and Settings\Student\.m2\repository\org\apache\tiles\tiles-template\2.2.2\tiles-template-2.2.2.jar;C:\Documents and Settings\Student\.m2\repository\mysql\mysql-connector-java\5.1.26\mysql-connector-java-5.1.26.jar;C:\Documents and Settings\Student\.m2\repository\org\hibernate\hibernate-entitymanager\4.3.0.Final\hibernate-entitymanager-4.3.0.Final.jar;C:\Documents and Settings\Student\.m2\repository\org\jboss\logging\jboss-logging\3.1.3.GA\jboss-logging-3.1.3.GA.jar;C:\Documents and Settings\Student\.m2\repository\org\jboss\logging\jboss-logging-annotations\1.2.0.Beta1\jboss-logging-annotations-1.2.0.Beta1.jar;C:\Documents and Settings\Student\.m2\repository\org\hibernate\hibernate-core\4.3.0.Final\hibernate-core-4.3.0.Final.jar;C:\Documents and Settings\Student\.m2\repository\antlr\antlr\2.7.7\antlr-2.7.7.jar;C:\Documents and Settings\Student\.m2\repository\org\jboss\jandex\1.1.0.Final\jandex-1.1.0.Final.jar;C:\Documents and Settings\Student\.m2\repository\dom4j\dom4j\1.6.1\dom4j-1.6.1.jar;C:\Documents and Settings\Student\.m2\repository\xml-apis\xml-apis\1.0.b2\xml-apis-1.0.b2.jar;C:\Documents and Settings\Student\.m2\repository\org\hibernate\common\hibernate-commons-annotations\4.0.4.Final\hibernate-commons-annotations-4.0.4.Final.jar;C:\Documents and Settings\Student\.m2\repository\org\hibernate\javax\persistence\hibernate-jpa-2.1-api\1.0.0.Final\hibernate-jpa-2.1-api-1.0.0.Final.jar;C:\Documents and Settings\Student\.m2\repository\org\jboss\spec\javax\transaction\jboss-transaction-api_1.2_spec\1.0.0.Final\jboss-transaction-api_1.2_spec-1.0.0.Final.jar;C:\Documents and Settings\Student\.m2\repository\org\javassist\javassist\3.18.1-GA\javassist-3.18.1-GA.jar;C:\Documents and Settings\Student\.m2\repository\org\hibernate\hibernate-validator\4.3.1.Final\hibernate-validator-4.3.1.Final.jar;C:\Documents and Settings\Student\.m2\repository\javax\validation\validation-api\1.0.0.GA\validation-api-1.0.0.GA.jar;C:\Documents and Settings\Student\.m2\repository\org\hibernate\hibernate-c3p0\4.2.3.Final\hibernate-c3p0-4.2.3.Final.jar;C:\Documents and Settings\Student\.m2\repository\com\mchange\c3p0\0.9.2.1\c3p0-0.9.2.1.jar;C:\Documents and Settings\Student\.m2\repository\com\mchange\mchange-commons-java\0.2.3.4\mchange-commons-java-0.2.3.4.jar;C:\Documents and Settings\Student\.m2\repository\javax\servlet\servlet-api\2.5\servlet-api-2.5.jar;C:\Documents and Settings\Student\.m2\repository\javax\servlet\jsp\jsp-api\2.0\jsp-api-2.0.jar;C:\Documents and Settings\Student\.m2\repository\javax\servlet\jstl\1.2\jstl-1.2.jar;C:\Documents and Settings\Student\.m2\repository\displaytag\displaytag\1.2\displaytag-1.2.jar;C:\Documents and Settings\Student\.m2\repository\commons-collections\commons-collections\3.1\commons-collections-3.1.jar;C:\Documents and Settings\Student\.m2\repository\commons-lang\commons-lang\2.3\commons-lang-2.3.jar;C:\Documents and Settings\Student\.m2\repository\com\lowagie\itext\1.3\itext-1.3.jar;C:\Documents and Settings\Student\.m2\repository\commons-beanutils\commons-beanutils\1.7.0\commons-beanutils-1.7.0.jar;C:\Documents and Settings\Student\.m2\repository\org\slf4j\jcl104-over-slf4j\1.4.2\jcl104-over-slf4j-1.4.2.jar;C:\Documents and Settings\Student\.m2\repository\taglibs\standard\1.1.2\standard-1.1.2.jar;C:\Documents and Settings\Student\.m2\repository\junit\junit\4.11\junit-4.11.jar;C:\Documents and Settings\Student\.m2\repository\org\hamcrest\hamcrest-core\1.3\hamcrest-core-1.3.jar;C:\Documents and Settings\Student\.m2\repository\joda-time\joda-time\2.2\joda-time-2.2.jar;C:\Documents and Settings\Student\.m2\repository\org\slf4j\slf4j-log4j12\1.7.5\slf4j-log4j12-1.7.5.jar;C:\Documents and Settings\Student\.m2\repository\log4j\log4j\1.2.17\log4j-1.2.17.jar;C:\Documents and Settings\Student\.m2\repository\org\aspectj\aspectjweaver\1.7.4\aspectjweaver-1.7.4.jar;"/>
    <property name="java.runtime.version" value="1.7.0_13-b20"/>
    <property name="java.vendor" value="Oracle Corporation"/>
    <property name="sun.management.compiler" value="HotSpot 64-Bit Tiered Compilers"/>
    <property name="sun.arch.data.model" value="64"/>
    <property name="os.arch" value="amd64"/>
    <property name="sun.io.unicode.encoding" value="UnicodeLittle"/>
    <property name="java.awt.printerjob" value="sun.awt.windows.WPrinterJob"/>
    <property name="path.separator" value=";"/>
    <property name="java.runtime.name" value="Java(TM) SE Runtime Environment"/>
    <property name="java.vendor.url" value="http://java.oracle.com/"/>
    <property name="sun.boot.class.path" value="C:\Program Files\Java\jdk1.7.0_13\jre\lib\resources.jar;C:\Program Files\Java\jdk1.7.0_13\jre\lib\rt.jar;C:\Program Files\Java\jdk1.7.0_13\jre\lib\sunrsasign.jar;C:\Program Files\Java\jdk1.7.0_13\jre\lib\jsse.jar;C:\Program Files\Java\jdk1.7.0_13\jre\lib\jce.jar;C:\Program Files\Java\jdk1.7.0_13\jre\lib\charsets.jar;C:\Program Files\Java\jdk1.7.0_13\jre\lib\jfr.jar;C:\Program Files\Java\jdk1.7.0_13\jre\classes"/>
    <property name="surefire.real.class.path" value="C:\DOCUME~1\Student\LOCALS~1\Temp\surefire2891176284014842830\surefirebooter4919952355092782066.jar"/>
    <property name="java.endorsed.dirs" value="C:\Program Files\Java\jdk1.7.0_13\jre\lib\endorsed"/>
    <property name="sun.desktop" value="windows"/>
    <property name="java.vm.version" value="23.7-b01"/>
    <property name="os.name" value="Windows XP"/>
    <property name="java.vm.specification.version" value="1.7"/>
    <property name="sun.cpu.isalist" value="amd64"/>
    <property name="java.version" value="1.7.0_13"/>
    <property name="java.vm.specification.name" value="Java Virtual Machine Specification"/>
    <property name="java.ext.dirs" value="C:\Program Files\Java\jdk1.7.0_13\jre\lib\ext;C:\WINDOWS\Sun\Java\lib\ext"/>
    <property name="os.version" value="5.2"/>
    <property name="basedir" value="E:\ws-entrega4\Acme-HandyWorkerV3"/>
    <property name="java.library.path" value="C:\Program Files\Java\jdk1.7.0_13\jre\bin;C:\WINDOWS\Sun\Java\bin;C:\WINDOWS\system32;C:\WINDOWS;c:/program files/java/jdk1.7.0_13/bin/../jre/bin/server;c:/program files/java/jdk1.7.0_13/bin/../jre/bin;c:/program files/java/jdk1.7.0_13/bin/../jre/lib/amd64;C:\WINDOWS\system32;C:\WINDOWS;C:\WINDOWS\System32\Wbem;c:\program files\java\jdk1.7.0_13\bin;C:\WINDOWS\system32;C:\WINDOWS;C:\WINDOWS\System32\Wbem;c:\program files\java\jdk1.7.0_13\bin;C:\Program Files\Apache Software Foundation\apache-maven-3.1.0\bin;C:\Program Files\Eclipse Indigo EE SR2;;."/>
    <property name="java.awt.graphicsenv" value="sun.awt.Win32GraphicsEnvironment"/>
    <property name="java.vm.name" value="Java HotSpot(TM) 64-Bit Server VM"/>
    <property name="user.country" value="US"/>
  </properties>
  <testcase name="initializationError" classname="services.ReportServiceTest" time="0">
    <error message="No runnable methods" type="java.lang.Exception">java.lang.Exception: No runnable methods
</error>
  </testcase>
</testsuite>